  [1m[36m (1.0ms)[0m  [1mCREATE TABLE "schema_migrations" ("version" varchar NOT NULL) [0m
  [1m[35m (0.4ms)[0m  select sqlite_version(*)
  [1m[36m (1.4ms)[0m  [1mCREATE UNIQUE INDEX "unique_schema_migrations" ON "schema_migrations" ("version")[0m
  [1m[35mActiveRecord::SchemaMigration Load (0.1ms)[0m  SELECT "schema_migrations".* FROM "schema_migrations"
Migrating to CreateProducts (20160206211143)
  [1m[36m (0.1ms)[0m  [1mbegin transaction[0m
  [1m[35m (0.7ms)[0m  CREATE TABLE "products" ("id" INTEGER PRIMARY KEY AUTOINCREMENT NOT NULL, "title" varchar, "description" text, "image_url" varchar, "price" decimal(8,2), "created_at" datetime NOT NULL, "updated_at" datetime NOT NULL) 
  [1m[36mSQL (0.2ms)[0m  [1mINSERT INTO "schema_migrations" ("version") VALUES (?)[0m  [["version", "20160206211143"]]
  [1m[35m (0.8ms)[0m  commit transaction
  [1m[36mActiveRecord::SchemaMigration Load (0.1ms)[0m  [1mSELECT "schema_migrations".* FROM "schema_migrations"[0m


Started GET "/" for ::1 at 2016-02-06 16:32:22 -0500
  [1m[36mActiveRecord::SchemaMigration Load (0.4ms)[0m  [1mSELECT "schema_migrations".* FROM "schema_migrations"[0m
Processing by Rails::WelcomeController#index as HTML
  Rendered /usr/local/lib/ruby/gems/2.2.0/gems/railties-4.2.5/lib/rails/templates/rails/welcome/index.html.erb (2.8ms)
Completed 200 OK in 32ms (Views: 20.9ms | ActiveRecord: 0.0ms)


Started GET "/apple-touch-icon-precomposed.png" for ::1 at 2016-02-06 16:32:23 -0500

ActionController::RoutingError (No route matches [GET] "/apple-touch-icon-precomposed.png"):
  actionpack (4.2.5) lib/action_dispatch/middleware/debug_exceptions.rb:21:in `call'
  web-console (2.3.0) lib/web_console/middleware.rb:28:in `block in call'
  web-console (2.3.0) lib/web_console/middleware.rb:18:in `catch'
  web-console (2.3.0) lib/web_console/middleware.rb:18:in `call'
  actionpack (4.2.5) lib/action_dispatch/middleware/show_exceptions.rb:30:in `call'
  railties (4.2.5) lib/rails/rack/logger.rb:38:in `call_app'
  railties (4.2.5) lib/rails/rack/logger.rb:20:in `block in call'
  activesupport (4.2.5) lib/active_support/tagged_logging.rb:68:in `block in tagged'
  activesupport (4.2.5) lib/active_support/tagged_logging.rb:26:in `tagged'
  activesupport (4.2.5) lib/active_support/tagged_logging.rb:68:in `tagged'
  railties (4.2.5) lib/rails/rack/logger.rb:20:in `call'
  actionpack (4.2.5) lib/action_dispatch/middleware/request_id.rb:21:in `call'
  rack (1.6.4) lib/rack/methodoverride.rb:22:in `call'
  rack (1.6.4) lib/rack/runtime.rb:18:in `call'
  activesupport (4.2.5) lib/active_support/cache/strategy/local_cache_middleware.rb:28:in `call'
  rack (1.6.4) lib/rack/lock.rb:17:in `call'
  actionpack (4.2.5) lib/action_dispatch/middleware/static.rb:116:in `call'
  rack (1.6.4) lib/rack/sendfile.rb:113:in `call'
  railties (4.2.5) lib/rails/engine.rb:518:in `call'
  railties (4.2.5) lib/rails/application.rb:165:in `call'
  rack (1.6.4) lib/rack/lock.rb:17:in `call'
  rack (1.6.4) lib/rack/content_length.rb:15:in `call'
  rack (1.6.4) lib/rack/handler/webrick.rb:88:in `service'
  /usr/local/Cellar/ruby/2.2.3/lib/ruby/2.2.0/webrick/httpserver.rb:138:in `service'
  /usr/local/Cellar/ruby/2.2.3/lib/ruby/2.2.0/webrick/httpserver.rb:94:in `run'
  /usr/local/Cellar/ruby/2.2.3/lib/ruby/2.2.0/webrick/server.rb:294:in `block in start_thread'


  Rendered /usr/local/lib/ruby/gems/2.2.0/gems/actionpack-4.2.5/lib/action_dispatch/middleware/templates/rescues/_trace.html.erb (2.5ms)
  Rendered /usr/local/lib/ruby/gems/2.2.0/gems/actionpack-4.2.5/lib/action_dispatch/middleware/templates/routes/_route.html.erb (1.2ms)
  Rendered /usr/local/lib/ruby/gems/2.2.0/gems/actionpack-4.2.5/lib/action_dispatch/middleware/templates/routes/_table.html.erb (11.1ms)
  Rendered /usr/local/lib/ruby/gems/2.2.0/gems/actionpack-4.2.5/lib/action_dispatch/middleware/templates/rescues/_request_and_response.html.erb (1.9ms)
  Rendered /usr/local/lib/ruby/gems/2.2.0/gems/actionpack-4.2.5/lib/action_dispatch/middleware/templates/rescues/routing_error.html.erb within rescues/layout (119.0ms)
  Rendered /usr/local/lib/ruby/gems/2.2.0/gems/web-console-2.3.0/lib/web_console/templates/_markup.html.erb (0.7ms)
  Rendered /usr/local/lib/ruby/gems/2.2.0/gems/web-console-2.3.0/lib/web_console/templates/_inner_console_markup.html.erb within layouts/inlined_string (0.3ms)
  Rendered /usr/local/lib/ruby/gems/2.2.0/gems/web-console-2.3.0/lib/web_console/templates/_prompt_box_markup.html.erb within layouts/inlined_string (0.5ms)
  Rendered /usr/local/lib/ruby/gems/2.2.0/gems/web-console-2.3.0/lib/web_console/templates/style.css.erb within layouts/inlined_string (0.4ms)
  Rendered /usr/local/lib/ruby/gems/2.2.0/gems/web-console-2.3.0/lib/web_console/templates/console.js.erb within layouts/javascript (65.4ms)
  Rendered /usr/local/lib/ruby/gems/2.2.0/gems/web-console-2.3.0/lib/web_console/templates/main.js.erb within layouts/javascript (0.3ms)
  Rendered /usr/local/lib/ruby/gems/2.2.0/gems/web-console-2.3.0/lib/web_console/templates/error_page.js.erb within layouts/javascript (0.5ms)
  Rendered /usr/local/lib/ruby/gems/2.2.0/gems/web-console-2.3.0/lib/web_console/templates/index.html.erb (141.9ms)


Started GET "/apple-touch-icon.png" for ::1 at 2016-02-06 16:32:23 -0500

ActionController::RoutingError (No route matches [GET] "/apple-touch-icon.png"):
  actionpack (4.2.5) lib/action_dispatch/middleware/debug_exceptions.rb:21:in `call'
  web-console (2.3.0) lib/web_console/middleware.rb:28:in `block in call'
  web-console (2.3.0) lib/web_console/middleware.rb:18:in `catch'
  web-console (2.3.0) lib/web_console/middleware.rb:18:in `call'
  actionpack (4.2.5) lib/action_dispatch/middleware/show_exceptions.rb:30:in `call'
  railties (4.2.5) lib/rails/rack/logger.rb:38:in `call_app'
  railties (4.2.5) lib/rails/rack/logger.rb:20:in `block in call'
  activesupport (4.2.5) lib/active_support/tagged_logging.rb:68:in `block in tagged'
  activesupport (4.2.5) lib/active_support/tagged_logging.rb:26:in `tagged'
  activesupport (4.2.5) lib/active_support/tagged_logging.rb:68:in `tagged'
  railties (4.2.5) lib/rails/rack/logger.rb:20:in `call'
  actionpack (4.2.5) lib/action_dispatch/middleware/request_id.rb:21:in `call'
  rack (1.6.4) lib/rack/methodoverride.rb:22:in `call'
  rack (1.6.4) lib/rack/runtime.rb:18:in `call'
  activesupport (4.2.5) lib/active_support/cache/strategy/local_cache_middleware.rb:28:in `call'
  rack (1.6.4) lib/rack/lock.rb:17:in `call'
  actionpack (4.2.5) lib/action_dispatch/middleware/static.rb:116:in `call'
  rack (1.6.4) lib/rack/sendfile.rb:113:in `call'
  railties (4.2.5) lib/rails/engine.rb:518:in `call'
  railties (4.2.5) lib/rails/application.rb:165:in `call'
  rack (1.6.4) lib/rack/lock.rb:17:in `call'
  rack (1.6.4) lib/rack/content_length.rb:15:in `call'
  rack (1.6.4) lib/rack/handler/webrick.rb:88:in `service'
  /usr/local/Cellar/ruby/2.2.3/lib/ruby/2.2.0/webrick/httpserver.rb:138:in `service'
  /usr/local/Cellar/ruby/2.2.3/lib/ruby/2.2.0/webrick/httpserver.rb:94:in `run'
  /usr/local/Cellar/ruby/2.2.3/lib/ruby/2.2.0/webrick/server.rb:294:in `block in start_thread'


  Rendered /usr/local/lib/ruby/gems/2.2.0/gems/actionpack-4.2.5/lib/action_dispatch/middleware/templates/rescues/_trace.html.erb (1.5ms)
  Rendered /usr/local/lib/ruby/gems/2.2.0/gems/actionpack-4.2.5/lib/action_dispatch/middleware/templates/routes/_route.html.erb (1.6ms)
  Rendered /usr/local/lib/ruby/gems/2.2.0/gems/actionpack-4.2.5/lib/action_dispatch/middleware/templates/routes/_table.html.erb (1.3ms)
  Rendered /usr/local/lib/ruby/gems/2.2.0/gems/actionpack-4.2.5/lib/action_dispatch/middleware/templates/rescues/_request_and_response.html.erb (1.0ms)
  Rendered /usr/local/lib/ruby/gems/2.2.0/gems/actionpack-4.2.5/lib/action_dispatch/middleware/templates/rescues/routing_error.html.erb within rescues/layout (72.0ms)
  Rendered /usr/local/lib/ruby/gems/2.2.0/gems/web-console-2.3.0/lib/web_console/templates/_markup.html.erb (0.4ms)
  Rendered /usr/local/lib/ruby/gems/2.2.0/gems/web-console-2.3.0/lib/web_console/templates/_inner_console_markup.html.erb within layouts/inlined_string (0.5ms)
  Rendered /usr/local/lib/ruby/gems/2.2.0/gems/web-console-2.3.0/lib/web_console/templates/_prompt_box_markup.html.erb within layouts/inlined_string (0.4ms)
  Rendered /usr/local/lib/ruby/gems/2.2.0/gems/web-console-2.3.0/lib/web_console/templates/style.css.erb within layouts/inlined_string (0.3ms)
  Rendered /usr/local/lib/ruby/gems/2.2.0/gems/web-console-2.3.0/lib/web_console/templates/console.js.erb within layouts/javascript (52.8ms)
  Rendered /usr/local/lib/ruby/gems/2.2.0/gems/web-console-2.3.0/lib/web_console/templates/main.js.erb within layouts/javascript (0.3ms)
  Rendered /usr/local/lib/ruby/gems/2.2.0/gems/web-console-2.3.0/lib/web_console/templates/error_page.js.erb within layouts/javascript (0.4ms)
  Rendered /usr/local/lib/ruby/gems/2.2.0/gems/web-console-2.3.0/lib/web_console/templates/index.html.erb (109.1ms)


Started GET "/" for ::1 at 2016-02-06 16:32:30 -0500
Processing by Rails::WelcomeController#index as HTML
  Rendered /usr/local/lib/ruby/gems/2.2.0/gems/railties-4.2.5/lib/rails/templates/rails/welcome/index.html.erb (0.1ms)
Completed 200 OK in 2ms (Views: 1.7ms | ActiveRecord: 0.0ms)


Started GET "/products" for ::1 at 2016-02-06 16:32:35 -0500
Processing by ProductsController#index as HTML
  [1m[35mProduct Load (0.4ms)[0m  SELECT "products".* FROM "products"
  Rendered products/index.html.erb within layouts/application (2.4ms)
Completed 200 OK in 2235ms (Views: 2232.0ms | ActiveRecord: 0.6ms)


Started GET "/assets/products.self-e3b0c44298fc1c149afbf4c8996fb92427ae41e4649b934ca495991b7852b855.css?body=1" for ::1 at 2016-02-06 16:32:37 -0500


Started GET "/assets/jquery.self-c64a74367bda6ef8b860f19e74df08927ca99d2be2ac934e9e92d5fd361e0da4.js?body=1" for ::1 at 2016-02-06 16:32:37 -0500


Started GET "/assets/scaffolds.self-c2b87871567238b05ff9dcc84ff571ea2c7227720d8fbedeb94aa586b8f14df1.css?body=1" for ::1 at 2016-02-06 16:32:37 -0500


Started GET "/assets/turbolinks.self-c37727e9bd6b2735da5c311aa83fead54ed0be6cc8bd9a65309e9c5abe2cbfff.js?body=1" for ::1 at 2016-02-06 16:32:37 -0500


Started GET "/assets/jquery_ujs.self-d602bdfe68ffc63b9f9cc512872aa3cfff046228a0a36e90dd476e8ef54c1b09.js?body=1" for ::1 at 2016-02-06 16:32:37 -0500


Started GET "/assets/application.self-e80e8f2318043e8af94dddc2adad5a4f09739a8ebb323b3ab31cd71d45fd9113.css?body=1" for ::1 at 2016-02-06 16:32:37 -0500


Started GET "/assets/products.self-877aef30ae1b040ab8a3aba4e3e309a11d7f2612f44dde450b5c157aa5f95c05.js?body=1" for ::1 at 2016-02-06 16:32:37 -0500


Started GET "/assets/application.self-3b8dabdc891efe46b9a144b400ad69e37d7e5876bdc39dee783419a69d7ca819.js?body=1" for ::1 at 2016-02-06 16:32:37 -0500


Started GET "/products/new" for ::1 at 2016-02-06 16:32:47 -0500
Processing by ProductsController#new as HTML
  Rendered products/_form.html.erb (23.0ms)
  Rendered products/new.html.erb within layouts/application (48.0ms)
Completed 200 OK in 91ms (Views: 81.2ms | ActiveRecord: 0.3ms)


Started GET "/products/new" for ::1 at 2016-02-06 16:32:51 -0500
Processing by ProductsController#new as HTML
  Rendered products/_form.html.erb (3.1ms)
  Rendered products/new.html.erb within layouts/application (4.7ms)
Completed 200 OK in 32ms (Views: 30.6ms | ActiveRecord: 0.0ms)


Started GET "/products/new" for ::1 at 2016-02-06 16:34:22 -0500
Processing by ProductsController#new as HTML
  Rendered products/_form.html.erb (3.7ms)
  Rendered products/new.html.erb within layouts/application (7.2ms)
Completed 200 OK in 61ms (Views: 60.2ms | ActiveRecord: 0.0ms)


Started GET "/products/new" for ::1 at 2016-02-06 16:35:30 -0500
Processing by ProductsController#new as HTML
  Rendered products/_form.html.erb (6.2ms)
  Rendered products/new.html.erb within layouts/application (8.3ms)
Completed 200 OK in 52ms (Views: 50.7ms | ActiveRecord: 0.0ms)


Started POST "/products" for ::1 at 2016-02-06 16:36:31 -0500
Processing by ProductsController#create as HTML
  Parameters: {"utf8"=>"✓", "authenticity_token"=>"ANa4qFjfnP9XmBsSeuocYFsFcd9UQWkjBB9zu4rvQRvMSzA9Ip6YeL+jo7BMeBQJz8YOhcFq6BMmAx31jo5TzQ==", "product"=>{"title"=>"CoffeeScript", "description"=>"dfjkdjkfjfhdsjkfhdskjfdnsjfnduhflfsdhfjdhfjkhfjdh", "image_url"=>"cs.jpg", "price"=>"36.00"}, "commit"=>"Create Product"}
  [1m[36m (0.2ms)[0m  [1mbegin transaction[0m
  [1m[35mSQL (0.8ms)[0m  INSERT INTO "products" ("title", "description", "image_url", "price", "created_at", "updated_at") VALUES (?, ?, ?, ?, ?, ?)  [["title", "CoffeeScript"], ["description", "dfjkdjkfjfhdsjkfhdskjfdnsjfnduhflfsdhfjdhfjkhfjdh"], ["image_url", "cs.jpg"], ["price", 36.0], ["created_at", "2016-02-06 21:36:31.846469"], ["updated_at", "2016-02-06 21:36:31.846469"]]
  [1m[36m (1.0ms)[0m  [1mcommit transaction[0m
Redirected to http://localhost:3000/products/1
Completed 302 Found in 17ms (ActiveRecord: 2.0ms)


Started GET "/products/1" for ::1 at 2016-02-06 16:36:31 -0500
Processing by ProductsController#show as HTML
  Parameters: {"id"=>"1"}
  [1m[35mProduct Load (0.3ms)[0m  SELECT  "products".* FROM "products" WHERE "products"."id" = ? LIMIT 1  [["id", 1]]
  Rendered products/show.html.erb within layouts/application (2.8ms)
Completed 200 OK in 75ms (Views: 51.7ms | ActiveRecord: 0.3ms)


Started GET "/products" for ::1 at 2016-02-06 16:36:46 -0500
Processing by ProductsController#index as HTML
  [1m[36mProduct Load (0.2ms)[0m  [1mSELECT "products".* FROM "products"[0m
  Rendered products/index.html.erb within layouts/application (2.7ms)
Completed 200 OK in 27ms (Views: 25.7ms | ActiveRecord: 0.2ms)
  [1m[36mActiveRecord::SchemaMigration Load (0.6ms)[0m  [1mSELECT "schema_migrations".* FROM "schema_migrations"[0m
  [1m[35mSQL (1.5ms)[0m  DELETE FROM "products"
  [1m[36m (0.1ms)[0m  [1mbegin transaction[0m
  [1m[35mSQL (0.8ms)[0m  INSERT INTO "products" ("title", "description", "image_url", "price", "created_at", "updated_at") VALUES (?, ?, ?, ?, ?, ?)  [["title", "CoffeeScript"], ["description", "<p>\n        CoffeeScript is JavaScript done right. It provides all of JavaScript's\n\tfunctionality wrapped in a cleaner, more succinct syntax. In the first\n\tbook on this exciting new language, CoffeeScript guru Trevor Burnham\n\tshows you how to hold onto all the power and flexibility of JavaScript\n\twhile writing clearer, cleaner, and safer code.\n      </p>"], ["image_url", "cs.jpg"], ["price", 36.0], ["created_at", "2016-02-06 22:32:00.472886"], ["updated_at", "2016-02-06 22:32:00.472886"]]
  [1m[36m (1.7ms)[0m  [1mcommit transaction[0m
  [1m[35m (0.1ms)[0m  begin transaction
  [1m[36mSQL (0.6ms)[0m  [1mINSERT INTO "products" ("title", "description", "image_url", "price", "created_at", "updated_at") VALUES (?, ?, ?, ?, ?, ?)[0m  [["title", "Programming Ruby 1.9 & 2.0"], ["description", "<p>\n        Ruby is the fastest growing and most exciting dynamic language\n        out there. If you need to get working programs delivered fast,\n        you should add Ruby to your toolbox.\n      </p>"], ["image_url", "ruby.jpg"], ["price", 49.95], ["created_at", "2016-02-06 22:32:00.481698"], ["updated_at", "2016-02-06 22:32:00.481698"]]
  [1m[35m (0.8ms)[0m  commit transaction
  [1m[36m (0.1ms)[0m  [1mbegin transaction[0m
  [1m[35mSQL (0.4ms)[0m  INSERT INTO "products" ("title", "description", "image_url", "price", "created_at", "updated_at") VALUES (?, ?, ?, ?, ?, ?)  [["title", "Rails Test Prescriptions"], ["description", "<p>\n        <em>Rails Test Prescriptions</em> is a comprehensive guide to testing\n        Rails applications, covering Test-Driven Development from both a\n        theoretical perspective (why to test) and from a practical perspective\n        (how to test effectively). It covers the core Rails testing tools and\n        procedures for Rails 2 and Rails 3, and introduces popular add-ons,\n        including Cucumber, Shoulda, Machinist, Mocha, and Rcov.\n      </p>"], ["image_url", "rtp.jpg"], ["price", 34.95], ["created_at", "2016-02-06 22:32:00.485921"], ["updated_at", "2016-02-06 22:32:00.485921"]]
  [1m[36m (0.8ms)[0m  [1mcommit transaction[0m


Started GET "/" for ::1 at 2016-02-08 00:41:50 -0500
  [1m[36mActiveRecord::SchemaMigration Load (0.5ms)[0m  [1mSELECT "schema_migrations".* FROM "schema_migrations"[0m
Processing by Rails::WelcomeController#index as HTML
  Rendered /usr/local/lib/ruby/gems/2.2.0/gems/railties-4.2.5/lib/rails/templates/rails/welcome/index.html.erb (4.1ms)
Completed 200 OK in 37ms (Views: 17.2ms | ActiveRecord: 0.0ms)


Started GET "/" for ::1 at 2016-02-09 19:36:17 -0500
  [1m[36mActiveRecord::SchemaMigration Load (0.7ms)[0m  [1mSELECT "schema_migrations".* FROM "schema_migrations"[0m
Processing by Rails::WelcomeController#index as HTML
  Rendered /usr/local/lib/ruby/gems/2.2.0/gems/railties-4.2.5/lib/rails/templates/rails/welcome/index.html.erb (3.2ms)
Completed 200 OK in 31ms (Views: 19.8ms | ActiveRecord: 0.0ms)


Started GET "/" for ::1 at 2016-02-09 19:36:22 -0500
Processing by Rails::WelcomeController#index as HTML
  Rendered /usr/local/lib/ruby/gems/2.2.0/gems/railties-4.2.5/lib/rails/templates/rails/welcome/index.html.erb (0.0ms)
Completed 200 OK in 2ms (Views: 2.0ms | ActiveRecord: 0.0ms)


Started GET "/" for ::1 at 2016-02-09 19:36:24 -0500
Processing by Rails::WelcomeController#index as HTML
  Rendered /usr/local/lib/ruby/gems/2.2.0/gems/railties-4.2.5/lib/rails/templates/rails/welcome/index.html.erb (0.1ms)
Completed 200 OK in 3ms (Views: 2.4ms | ActiveRecord: 0.0ms)


Started GET "/" for ::1 at 2016-02-09 19:39:34 -0500
Processing by Rails::WelcomeController#index as HTML
  Rendered /usr/local/lib/ruby/gems/2.2.0/gems/railties-4.2.5/lib/rails/templates/rails/welcome/index.html.erb (0.1ms)
Completed 200 OK in 4ms (Views: 3.1ms | ActiveRecord: 0.0ms)


Started GET "/products" for ::1 at 2016-02-09 19:39:34 -0500
Processing by ProductsController#index as HTML
  [1m[35mProduct Load (0.6ms)[0m  SELECT "products".* FROM "products"
  Rendered products/index.html.erb within layouts/application (11.3ms)
Completed 200 OK in 511ms (Views: 505.7ms | ActiveRecord: 1.0ms)


Started GET "/assets/products.self-e3b0c44298fc1c149afbf4c8996fb92427ae41e4649b934ca495991b7852b855.css?body=1" for ::1 at 2016-02-09 19:39:35 -0500


Started GET "/assets/application.self-e80e8f2318043e8af94dddc2adad5a4f09739a8ebb323b3ab31cd71d45fd9113.css?body=1" for ::1 at 2016-02-09 19:39:35 -0500


Started GET "/assets/scaffolds.self-c2b87871567238b05ff9dcc84ff571ea2c7227720d8fbedeb94aa586b8f14df1.css?body=1" for ::1 at 2016-02-09 19:39:35 -0500


Started GET "/assets/turbolinks.self-c37727e9bd6b2735da5c311aa83fead54ed0be6cc8bd9a65309e9c5abe2cbfff.js?body=1" for ::1 at 2016-02-09 19:39:35 -0500


Started GET "/assets/jquery_ujs.self-d602bdfe68ffc63b9f9cc512872aa3cfff046228a0a36e90dd476e8ef54c1b09.js?body=1" for ::1 at 2016-02-09 19:39:35 -0500


Started GET "/assets/products.self-877aef30ae1b040ab8a3aba4e3e309a11d7f2612f44dde450b5c157aa5f95c05.js?body=1" for ::1 at 2016-02-09 19:39:35 -0500


Started GET "/assets/application.self-3b8dabdc891efe46b9a144b400ad69e37d7e5876bdc39dee783419a69d7ca819.js?body=1" for ::1 at 2016-02-09 19:39:35 -0500


Started GET "/products" for ::1 at 2016-02-09 19:39:36 -0500
Processing by ProductsController#index as HTML
  [1m[36mProduct Load (0.2ms)[0m  [1mSELECT "products".* FROM "products"[0m
  Rendered products/index.html.erb within layouts/application (3.1ms)
Completed 200 OK in 56ms (Views: 54.9ms | ActiveRecord: 0.2ms)


Started GET "/products/2" for ::1 at 2016-02-09 19:39:48 -0500
Processing by ProductsController#show as HTML
  Parameters: {"id"=>"2"}
  [1m[35mProduct Load (0.2ms)[0m  SELECT  "products".* FROM "products" WHERE "products"."id" = ? LIMIT 1  [["id", 2]]
  Rendered products/show.html.erb within layouts/application (1.2ms)
Completed 200 OK in 48ms (Views: 33.7ms | ActiveRecord: 0.2ms)


Started GET "/products/3" for ::1 at 2016-02-09 19:39:51 -0500
Processing by ProductsController#show as HTML
  Parameters: {"id"=>"3"}
  [1m[36mProduct Load (0.5ms)[0m  [1mSELECT  "products".* FROM "products" WHERE "products"."id" = ? LIMIT 1[0m  [["id", 3]]
  Rendered products/show.html.erb within layouts/application (0.3ms)
Completed 200 OK in 35ms (Views: 33.8ms | ActiveRecord: 0.5ms)


Started GET "/products" for ::1 at 2016-02-09 19:53:32 -0500
Processing by ProductsController#index as HTML
  [1m[35mProduct Load (0.8ms)[0m  SELECT "products".* FROM "products"
  Rendered products/index.html.erb within layouts/application (7.2ms)
Completed 200 OK in 172ms (Views: 167.8ms | ActiveRecord: 0.8ms)


Started GET "/products" for ::1 at 2016-02-09 20:10:24 -0500
Processing by ProductsController#index as HTML
  [1m[36mProduct Load (1.0ms)[0m  [1mSELECT "products".* FROM "products"[0m
  Rendered products/index.html.erb within layouts/application (20.9ms)
Completed 200 OK in 241ms (Views: 231.8ms | ActiveRecord: 1.0ms)


Started GET "/assets/products.self-dac330146f162698bd253b102ae39e106453fa9c4e3baeb152d67ca1855d478c.css?body=1" for ::1 at 2016-02-09 20:10:25 -0500


Started GET "/products" for ::1 at 2016-02-09 20:46:16 -0500
Processing by ProductsController#index as HTML
  [1m[35mProduct Load (27.1ms)[0m  SELECT "products".* FROM "products"
  Rendered products/index.html.erb within layouts/application (47.3ms)
Completed 200 OK in 242ms (Views: 209.1ms | ActiveRecord: 27.9ms)


Started GET "/assets/products.self-309585e029145fbb6cc1077984afc2f31aeeb556c54fb6523e90a3570597747e.css?body=1" for ::1 at 2016-02-09 20:46:17 -0500


Started GET "/products/new" for ::1 at 2016-02-09 20:46:19 -0500
Processing by ProductsController#new as HTML
  Rendered products/_form.html.erb (28.9ms)
  Rendered products/new.html.erb within layouts/application (55.8ms)
Completed 200 OK in 79ms (Views: 77.6ms | ActiveRecord: 0.0ms)


Started POST "/products" for ::1 at 2016-02-09 20:46:20 -0500
Processing by ProductsController#create as HTML
  Parameters: {"utf8"=>"✓", "authenticity_token"=>"ZvTJLSwmePYQyI8kxje0Q1U3oxtMIf81WQKFKU6XDkmqaUG4Vmd8cfjzN4bwpbwqwfTcQdkKfgV7HutnSvYcnw==", "product"=>{"title"=>"", "description"=>"", "image_url"=>"", "price"=>""}, "commit"=>"Create Product"}
  [1m[36m (0.1ms)[0m  [1mbegin transaction[0m
  [1m[35m (0.1ms)[0m  rollback transaction
Completed 500 Internal Server Error in 5ms (ActiveRecord: 0.2ms)

NoMethodError (undefined method `discription' for #<Product:0x007ff1308b39f8>):
  app/controllers/products_controller.rb:30:in `block in create'
  app/controllers/products_controller.rb:29:in `create'


  Rendered /usr/local/lib/ruby/gems/2.2.0/gems/actionpack-4.2.5/lib/action_dispatch/middleware/templates/rescues/_source.erb (12.3ms)
  Rendered /usr/local/lib/ruby/gems/2.2.0/gems/actionpack-4.2.5/lib/action_dispatch/middleware/templates/rescues/_trace.html.erb (4.0ms)
  Rendered /usr/local/lib/ruby/gems/2.2.0/gems/actionpack-4.2.5/lib/action_dispatch/middleware/templates/rescues/_request_and_response.html.erb (1.2ms)
  Rendered /usr/local/lib/ruby/gems/2.2.0/gems/actionpack-4.2.5/lib/action_dispatch/middleware/templates/rescues/diagnostics.html.erb within rescues/layout (86.7ms)
  Rendered /usr/local/lib/ruby/gems/2.2.0/gems/web-console-2.3.0/lib/web_console/templates/_markup.html.erb (0.4ms)
  Rendered /usr/local/lib/ruby/gems/2.2.0/gems/web-console-2.3.0/lib/web_console/templates/_inner_console_markup.html.erb within layouts/inlined_string (0.5ms)
  Rendered /usr/local/lib/ruby/gems/2.2.0/gems/web-console-2.3.0/lib/web_console/templates/_prompt_box_markup.html.erb within layouts/inlined_string (0.4ms)
  Rendered /usr/local/lib/ruby/gems/2.2.0/gems/web-console-2.3.0/lib/web_console/templates/style.css.erb within layouts/inlined_string (0.7ms)
  Rendered /usr/local/lib/ruby/gems/2.2.0/gems/web-console-2.3.0/lib/web_console/templates/console.js.erb within layouts/javascript (72.9ms)
  Rendered /usr/local/lib/ruby/gems/2.2.0/gems/web-console-2.3.0/lib/web_console/templates/main.js.erb within layouts/javascript (0.5ms)
  Rendered /usr/local/lib/ruby/gems/2.2.0/gems/web-console-2.3.0/lib/web_console/templates/error_page.js.erb within layouts/javascript (0.6ms)
  Rendered /usr/local/lib/ruby/gems/2.2.0/gems/web-console-2.3.0/lib/web_console/templates/index.html.erb (138.1ms)


Started POST "/__web_console/repl_sessions/b61ae6a3ef220bd3318cf567fe07fdc3/trace" for ::1 at 2016-02-09 20:46:57 -0500


Started POST "/__web_console/repl_sessions/b61ae6a3ef220bd3318cf567fe07fdc3/trace" for ::1 at 2016-02-09 20:46:58 -0500


Started POST "/__web_console/repl_sessions/b61ae6a3ef220bd3318cf567fe07fdc3/trace" for ::1 at 2016-02-09 20:46:59 -0500


Started POST "/__web_console/repl_sessions/b61ae6a3ef220bd3318cf567fe07fdc3/trace" for ::1 at 2016-02-09 20:47:00 -0500


Started GET "/store/index" for ::1 at 2016-02-21 11:18:01 -0500
  [1m[36mActiveRecord::SchemaMigration Load (0.5ms)[0m  [1mSELECT "schema_migrations".* FROM "schema_migrations"[0m
Processing by StoreController#index as HTML
  Rendered store/index.html.erb within layouts/application (1.7ms)
Completed 200 OK in 660ms (Views: 646.0ms | ActiveRecord: 0.0ms)


Started GET "/assets/products.self-309585e029145fbb6cc1077984afc2f31aeeb556c54fb6523e90a3570597747e.css?body=1" for ::1 at 2016-02-21 11:18:03 -0500


Started GET "/assets/scaffolds.self-c2b87871567238b05ff9dcc84ff571ea2c7227720d8fbedeb94aa586b8f14df1.css?body=1" for ::1 at 2016-02-21 11:18:03 -0500


Started GET "/assets/store.self-e3b0c44298fc1c149afbf4c8996fb92427ae41e4649b934ca495991b7852b855.css?body=1" for ::1 at 2016-02-21 11:18:03 -0500


Started GET "/assets/turbolinks.self-c37727e9bd6b2735da5c311aa83fead54ed0be6cc8bd9a65309e9c5abe2cbfff.js?body=1" for ::1 at 2016-02-21 11:18:03 -0500


Started GET "/assets/products.self-877aef30ae1b040ab8a3aba4e3e309a11d7f2612f44dde450b5c157aa5f95c05.js?body=1" for ::1 at 2016-02-21 11:18:03 -0500


Started GET "/assets/jquery_ujs.self-d602bdfe68ffc63b9f9cc512872aa3cfff046228a0a36e90dd476e8ef54c1b09.js?body=1" for ::1 at 2016-02-21 11:18:03 -0500


Started GET "/assets/jquery.self-c64a74367bda6ef8b860f19e74df08927ca99d2be2ac934e9e92d5fd361e0da4.js?body=1" for ::1 at 2016-02-21 11:18:03 -0500


Started GET "/assets/application.self-e80e8f2318043e8af94dddc2adad5a4f09739a8ebb323b3ab31cd71d45fd9113.css?body=1" for ::1 at 2016-02-21 11:18:03 -0500


Started GET "/assets/store.self-877aef30ae1b040ab8a3aba4e3e309a11d7f2612f44dde450b5c157aa5f95c05.js?body=1" for ::1 at 2016-02-21 11:18:03 -0500


Started GET "/assets/application.self-3b8dabdc891efe46b9a144b400ad69e37d7e5876bdc39dee783419a69d7ca819.js?body=1" for ::1 at 2016-02-21 11:18:03 -0500


Started GET "/apple-touch-icon-precomposed.png" for ::1 at 2016-02-21 11:18:03 -0500

ActionController::RoutingError (No route matches [GET] "/apple-touch-icon-precomposed.png"):
  actionpack (4.2.5) lib/action_dispatch/middleware/debug_exceptions.rb:21:in `call'
  web-console (2.3.0) lib/web_console/middleware.rb:28:in `block in call'
  web-console (2.3.0) lib/web_console/middleware.rb:18:in `catch'
  web-console (2.3.0) lib/web_console/middleware.rb:18:in `call'
  actionpack (4.2.5) lib/action_dispatch/middleware/show_exceptions.rb:30:in `call'
  railties (4.2.5) lib/rails/rack/logger.rb:38:in `call_app'
  railties (4.2.5) lib/rails/rack/logger.rb:20:in `block in call'
  activesupport (4.2.5) lib/active_support/tagged_logging.rb:68:in `block in tagged'
  activesupport (4.2.5) lib/active_support/tagged_logging.rb:26:in `tagged'
  activesupport (4.2.5) lib/active_support/tagged_logging.rb:68:in `tagged'
  railties (4.2.5) lib/rails/rack/logger.rb:20:in `call'
  actionpack (4.2.5) lib/action_dispatch/middleware/request_id.rb:21:in `call'
  rack (1.6.4) lib/rack/methodoverride.rb:22:in `call'
  rack (1.6.4) lib/rack/runtime.rb:18:in `call'
  activesupport (4.2.5) lib/active_support/cache/strategy/local_cache_middleware.rb:28:in `call'
  rack (1.6.4) lib/rack/lock.rb:17:in `call'
  actionpack (4.2.5) lib/action_dispatch/middleware/static.rb:116:in `call'
  rack (1.6.4) lib/rack/sendfile.rb:113:in `call'
  railties (4.2.5) lib/rails/engine.rb:518:in `call'
  railties (4.2.5) lib/rails/application.rb:165:in `call'
  rack (1.6.4) lib/rack/lock.rb:17:in `call'
  rack (1.6.4) lib/rack/content_length.rb:15:in `call'
  rack (1.6.4) lib/rack/handler/webrick.rb:88:in `service'
  /usr/local/Cellar/ruby/2.2.3/lib/ruby/2.2.0/webrick/httpserver.rb:138:in `service'
  /usr/local/Cellar/ruby/2.2.3/lib/ruby/2.2.0/webrick/httpserver.rb:94:in `run'
  /usr/local/Cellar/ruby/2.2.3/lib/ruby/2.2.0/webrick/server.rb:294:in `block in start_thread'


  Rendered /usr/local/lib/ruby/gems/2.2.0/gems/actionpack-4.2.5/lib/action_dispatch/middleware/templates/rescues/_trace.html.erb (2.5ms)
  Rendered /usr/local/lib/ruby/gems/2.2.0/gems/actionpack-4.2.5/lib/action_dispatch/middleware/templates/routes/_route.html.erb (2.5ms)
  Rendered /usr/local/lib/ruby/gems/2.2.0/gems/actionpack-4.2.5/lib/action_dispatch/middleware/templates/routes/_table.html.erb (12.3ms)
  Rendered /usr/local/lib/ruby/gems/2.2.0/gems/actionpack-4.2.5/lib/action_dispatch/middleware/templates/rescues/_request_and_response.html.erb (1.4ms)
  Rendered /usr/local/lib/ruby/gems/2.2.0/gems/actionpack-4.2.5/lib/action_dispatch/middleware/templates/rescues/routing_error.html.erb within rescues/layout (115.7ms)
  Rendered /usr/local/lib/ruby/gems/2.2.0/gems/web-console-2.3.0/lib/web_console/templates/_markup.html.erb (0.7ms)
  Rendered /usr/local/lib/ruby/gems/2.2.0/gems/web-console-2.3.0/lib/web_console/templates/_inner_console_markup.html.erb within layouts/inlined_string (0.5ms)
  Rendered /usr/local/lib/ruby/gems/2.2.0/gems/web-console-2.3.0/lib/web_console/templates/_prompt_box_markup.html.erb within layouts/inlined_string (0.4ms)
  Rendered /usr/local/lib/ruby/gems/2.2.0/gems/web-console-2.3.0/lib/web_console/templates/style.css.erb within layouts/inlined_string (0.4ms)
  Rendered /usr/local/lib/ruby/gems/2.2.0/gems/web-console-2.3.0/lib/web_console/templates/console.js.erb within layouts/javascript (89.9ms)
  Rendered /usr/local/lib/ruby/gems/2.2.0/gems/web-console-2.3.0/lib/web_console/templates/main.js.erb within layouts/javascript (0.5ms)
  Rendered /usr/local/lib/ruby/gems/2.2.0/gems/web-console-2.3.0/lib/web_console/templates/error_page.js.erb within layouts/javascript (1.2ms)
  Rendered /usr/local/lib/ruby/gems/2.2.0/gems/web-console-2.3.0/lib/web_console/templates/index.html.erb (172.2ms)


Started GET "/apple-touch-icon.png" for ::1 at 2016-02-21 11:18:03 -0500

ActionController::RoutingError (No route matches [GET] "/apple-touch-icon.png"):
  actionpack (4.2.5) lib/action_dispatch/middleware/debug_exceptions.rb:21:in `call'
  web-console (2.3.0) lib/web_console/middleware.rb:28:in `block in call'
  web-console (2.3.0) lib/web_console/middleware.rb:18:in `catch'
  web-console (2.3.0) lib/web_console/middleware.rb:18:in `call'
  actionpack (4.2.5) lib/action_dispatch/middleware/show_exceptions.rb:30:in `call'
  railties (4.2.5) lib/rails/rack/logger.rb:38:in `call_app'
  railties (4.2.5) lib/rails/rack/logger.rb:20:in `block in call'
  activesupport (4.2.5) lib/active_support/tagged_logging.rb:68:in `block in tagged'
  activesupport (4.2.5) lib/active_support/tagged_logging.rb:26:in `tagged'
  activesupport (4.2.5) lib/active_support/tagged_logging.rb:68:in `tagged'
  railties (4.2.5) lib/rails/rack/logger.rb:20:in `call'
  actionpack (4.2.5) lib/action_dispatch/middleware/request_id.rb:21:in `call'
  rack (1.6.4) lib/rack/methodoverride.rb:22:in `call'
  rack (1.6.4) lib/rack/runtime.rb:18:in `call'
  activesupport (4.2.5) lib/active_support/cache/strategy/local_cache_middleware.rb:28:in `call'
  rack (1.6.4) lib/rack/lock.rb:17:in `call'
  actionpack (4.2.5) lib/action_dispatch/middleware/static.rb:116:in `call'
  rack (1.6.4) lib/rack/sendfile.rb:113:in `call'
  railties (4.2.5) lib/rails/engine.rb:518:in `call'
  railties (4.2.5) lib/rails/application.rb:165:in `call'
  rack (1.6.4) lib/rack/lock.rb:17:in `call'
  rack (1.6.4) lib/rack/content_length.rb:15:in `call'
  rack (1.6.4) lib/rack/handler/webrick.rb:88:in `service'
  /usr/local/Cellar/ruby/2.2.3/lib/ruby/2.2.0/webrick/httpserver.rb:138:in `service'
  /usr/local/Cellar/ruby/2.2.3/lib/ruby/2.2.0/webrick/httpserver.rb:94:in `run'
  /usr/local/Cellar/ruby/2.2.3/lib/ruby/2.2.0/webrick/server.rb:294:in `block in start_thread'


  Rendered /usr/local/lib/ruby/gems/2.2.0/gems/actionpack-4.2.5/lib/action_dispatch/middleware/templates/rescues/_trace.html.erb (2.7ms)
  Rendered /usr/local/lib/ruby/gems/2.2.0/gems/actionpack-4.2.5/lib/action_dispatch/middleware/templates/routes/_route.html.erb (2.1ms)
  Rendered /usr/local/lib/ruby/gems/2.2.0/gems/actionpack-4.2.5/lib/action_dispatch/middleware/templates/routes/_table.html.erb (2.0ms)
  Rendered /usr/local/lib/ruby/gems/2.2.0/gems/actionpack-4.2.5/lib/action_dispatch/middleware/templates/rescues/_request_and_response.html.erb (1.6ms)
  Rendered /usr/local/lib/ruby/gems/2.2.0/gems/actionpack-4.2.5/lib/action_dispatch/middleware/templates/rescues/routing_error.html.erb within rescues/layout (117.0ms)
  Rendered /usr/local/lib/ruby/gems/2.2.0/gems/web-console-2.3.0/lib/web_console/templates/_markup.html.erb (0.7ms)
  Rendered /usr/local/lib/ruby/gems/2.2.0/gems/web-console-2.3.0/lib/web_console/templates/_inner_console_markup.html.erb within layouts/inlined_string (0.3ms)
  Rendered /usr/local/lib/ruby/gems/2.2.0/gems/web-console-2.3.0/lib/web_console/templates/_prompt_box_markup.html.erb within layouts/inlined_string (0.3ms)
  Rendered /usr/local/lib/ruby/gems/2.2.0/gems/web-console-2.3.0/lib/web_console/templates/style.css.erb within layouts/inlined_string (0.4ms)
  Rendered /usr/local/lib/ruby/gems/2.2.0/gems/web-console-2.3.0/lib/web_console/templates/console.js.erb within layouts/javascript (52.7ms)
  Rendered /usr/local/lib/ruby/gems/2.2.0/gems/web-console-2.3.0/lib/web_console/templates/main.js.erb within layouts/javascript (0.3ms)
  Rendered /usr/local/lib/ruby/gems/2.2.0/gems/web-console-2.3.0/lib/web_console/templates/error_page.js.erb within layouts/javascript (0.5ms)
  Rendered /usr/local/lib/ruby/gems/2.2.0/gems/web-console-2.3.0/lib/web_console/templates/index.html.erb (118.0ms)


Started GET "/" for ::1 at 2016-02-21 12:04:11 -0500
Processing by StoreController#index as HTML
  Rendered store/index.html.erb within layouts/application (0.3ms)
Completed 200 OK in 72ms (Views: 62.6ms | ActiveRecord: 0.0ms)


Started GET "/" for ::1 at 2016-02-21 12:19:44 -0500
Processing by StoreController#index as HTML
  [1m[35mProduct Load (3.1ms)[0m  SELECT "products".* FROM "products"  ORDER BY "products"."title" ASC
  Rendered store/index.html.erb within layouts/application (90.0ms)
Completed 200 OK in 260ms (Views: 245.9ms | ActiveRecord: 3.7ms)


Started GET "/assets/store.self-5f6a0216cb73fb52beda79f77e497ccffd89cc6fefc0b50813b90dfa7a38518f.css?body=1" for ::1 at 2016-02-21 12:19:44 -0500


Started GET "/assets/cs-fea1f334d4eaf23b890b9a462b118de176d87dfc419df5960e137a0a54a86fa7.jpg" for ::1 at 2016-02-21 12:19:44 -0500


Started GET "/assets/rtp-fea1f334d4eaf23b890b9a462b118de176d87dfc419df5960e137a0a54a86fa7.jpg" for ::1 at 2016-02-21 12:19:44 -0500


Started GET "/assets/ruby-fea1f334d4eaf23b890b9a462b118de176d87dfc419df5960e137a0a54a86fa7.jpg" for ::1 at 2016-02-21 12:19:44 -0500


Started GET "/" for ::1 at 2016-02-21 12:25:22 -0500
Processing by StoreController#index as HTML
  [1m[36mProduct Load (2.1ms)[0m  [1mSELECT "products".* FROM "products"  ORDER BY "products"."title" ASC[0m
  Rendered store/index.html.erb within layouts/application (151.5ms)
Completed 200 OK in 246ms (Views: 230.4ms | ActiveRecord: 2.1ms)


Started GET "/assets/cs-b89610d00408e26c0e581d9bd8081f7c0e6ee400816f393f52ca4c6450559600.jpg" for ::1 at 2016-02-21 12:25:23 -0500


Started GET "/assets/ruby-b89610d00408e26c0e581d9bd8081f7c0e6ee400816f393f52ca4c6450559600.jpg" for ::1 at 2016-02-21 12:25:23 -0500


Started GET "/assets/rtp-b89610d00408e26c0e581d9bd8081f7c0e6ee400816f393f52ca4c6450559600.jpg" for ::1 at 2016-02-21 12:25:23 -0500


Started GET "/" for ::1 at 2016-02-21 13:11:36 -0500
Processing by StoreController#index as HTML
  [1m[35mProduct Load (1.6ms)[0m  SELECT "products".* FROM "products"  ORDER BY "products"."title" ASC
  Rendered store/index.html.erb within layouts/application (104.5ms)
Completed 200 OK in 737ms (Views: 721.0ms | ActiveRecord: 1.6ms)


Started GET "/assets/application.self-1fe7acf7e8fee562b8bb850206ec2826df4fb89606814254a159c1cd67187318.css?body=1" for ::1 at 2016-02-21 13:11:37 -0500


Started GET "/images/logo.png" for ::1 at 2016-02-21 13:11:37 -0500

ActionController::RoutingError (No route matches [GET] "/images/logo.png"):
  actionpack (4.2.5) lib/action_dispatch/middleware/debug_exceptions.rb:21:in `call'
  web-console (2.3.0) lib/web_console/middleware.rb:28:in `block in call'
  web-console (2.3.0) lib/web_console/middleware.rb:18:in `catch'
  web-console (2.3.0) lib/web_console/middleware.rb:18:in `call'
  actionpack (4.2.5) lib/action_dispatch/middleware/show_exceptions.rb:30:in `call'
  railties (4.2.5) lib/rails/rack/logger.rb:38:in `call_app'
  railties (4.2.5) lib/rails/rack/logger.rb:20:in `block in call'
  activesupport (4.2.5) lib/active_support/tagged_logging.rb:68:in `block in tagged'
  activesupport (4.2.5) lib/active_support/tagged_logging.rb:26:in `tagged'
  activesupport (4.2.5) lib/active_support/tagged_logging.rb:68:in `tagged'
  railties (4.2.5) lib/rails/rack/logger.rb:20:in `call'
  actionpack (4.2.5) lib/action_dispatch/middleware/request_id.rb:21:in `call'
  rack (1.6.4) lib/rack/methodoverride.rb:22:in `call'
  rack (1.6.4) lib/rack/runtime.rb:18:in `call'
  activesupport (4.2.5) lib/active_support/cache/strategy/local_cache_middleware.rb:28:in `call'
  rack (1.6.4) lib/rack/lock.rb:17:in `call'
  actionpack (4.2.5) lib/action_dispatch/middleware/static.rb:116:in `call'
  rack (1.6.4) lib/rack/sendfile.rb:113:in `call'
  railties (4.2.5) lib/rails/engine.rb:518:in `call'
  railties (4.2.5) lib/rails/application.rb:165:in `call'
  rack (1.6.4) lib/rack/lock.rb:17:in `call'
  rack (1.6.4) lib/rack/content_length.rb:15:in `call'
  rack (1.6.4) lib/rack/handler/webrick.rb:88:in `service'
  /usr/local/Cellar/ruby/2.2.3/lib/ruby/2.2.0/webrick/httpserver.rb:138:in `service'
  /usr/local/Cellar/ruby/2.2.3/lib/ruby/2.2.0/webrick/httpserver.rb:94:in `run'
  /usr/local/Cellar/ruby/2.2.3/lib/ruby/2.2.0/webrick/server.rb:294:in `block in start_thread'


  Rendered /usr/local/lib/ruby/gems/2.2.0/gems/actionpack-4.2.5/lib/action_dispatch/middleware/templates/rescues/_trace.html.erb (4.0ms)
  Rendered /usr/local/lib/ruby/gems/2.2.0/gems/actionpack-4.2.5/lib/action_dispatch/middleware/templates/routes/_route.html.erb (1.3ms)
  Rendered /usr/local/lib/ruby/gems/2.2.0/gems/actionpack-4.2.5/lib/action_dispatch/middleware/templates/routes/_table.html.erb (2.6ms)
  Rendered /usr/local/lib/ruby/gems/2.2.0/gems/actionpack-4.2.5/lib/action_dispatch/middleware/templates/rescues/_request_and_response.html.erb (1.6ms)
  Rendered /usr/local/lib/ruby/gems/2.2.0/gems/actionpack-4.2.5/lib/action_dispatch/middleware/templates/rescues/routing_error.html.erb within rescues/layout (149.8ms)
  Rendered /usr/local/lib/ruby/gems/2.2.0/gems/web-console-2.3.0/lib/web_console/templates/_markup.html.erb (0.7ms)
  Rendered /usr/local/lib/ruby/gems/2.2.0/gems/web-console-2.3.0/lib/web_console/templates/_inner_console_markup.html.erb within layouts/inlined_string (0.4ms)
  Rendered /usr/local/lib/ruby/gems/2.2.0/gems/web-console-2.3.0/lib/web_console/templates/_prompt_box_markup.html.erb within layouts/inlined_string (0.8ms)
  Rendered /usr/local/lib/ruby/gems/2.2.0/gems/web-console-2.3.0/lib/web_console/templates/style.css.erb within layouts/inlined_string (0.5ms)
  Rendered /usr/local/lib/ruby/gems/2.2.0/gems/web-console-2.3.0/lib/web_console/templates/console.js.erb within layouts/javascript (87.0ms)
  Rendered /usr/local/lib/ruby/gems/2.2.0/gems/web-console-2.3.0/lib/web_console/templates/main.js.erb within layouts/javascript (0.5ms)
  Rendered /usr/local/lib/ruby/gems/2.2.0/gems/web-console-2.3.0/lib/web_console/templates/error_page.js.erb within layouts/javascript (0.7ms)
  Rendered /usr/local/lib/ruby/gems/2.2.0/gems/web-console-2.3.0/lib/web_console/templates/index.html.erb (184.5ms)


Started GET "/" for ::1 at 2016-02-21 13:11:50 -0500
Processing by StoreController#index as HTML
  [1m[36mProduct Load (0.5ms)[0m  [1mSELECT "products".* FROM "products"  ORDER BY "products"."title" ASC[0m
  Rendered store/index.html.erb within layouts/application (11.3ms)
Completed 200 OK in 90ms (Views: 88.9ms | ActiveRecord: 0.5ms)


Started GET "/images/logo.png" for ::1 at 2016-02-21 13:11:50 -0500

ActionController::RoutingError (No route matches [GET] "/images/logo.png"):
  actionpack (4.2.5) lib/action_dispatch/middleware/debug_exceptions.rb:21:in `call'
  web-console (2.3.0) lib/web_console/middleware.rb:28:in `block in call'
  web-console (2.3.0) lib/web_console/middleware.rb:18:in `catch'
  web-console (2.3.0) lib/web_console/middleware.rb:18:in `call'
  actionpack (4.2.5) lib/action_dispatch/middleware/show_exceptions.rb:30:in `call'
  railties (4.2.5) lib/rails/rack/logger.rb:38:in `call_app'
  railties (4.2.5) lib/rails/rack/logger.rb:20:in `block in call'
  activesupport (4.2.5) lib/active_support/tagged_logging.rb:68:in `block in tagged'
  activesupport (4.2.5) lib/active_support/tagged_logging.rb:26:in `tagged'
  activesupport (4.2.5) lib/active_support/tagged_logging.rb:68:in `tagged'
  railties (4.2.5) lib/rails/rack/logger.rb:20:in `call'
  actionpack (4.2.5) lib/action_dispatch/middleware/request_id.rb:21:in `call'
  rack (1.6.4) lib/rack/methodoverride.rb:22:in `call'
  rack (1.6.4) lib/rack/runtime.rb:18:in `call'
  activesupport (4.2.5) lib/active_support/cache/strategy/local_cache_middleware.rb:28:in `call'
  rack (1.6.4) lib/rack/lock.rb:17:in `call'
  actionpack (4.2.5) lib/action_dispatch/middleware/static.rb:116:in `call'
  rack (1.6.4) lib/rack/sendfile.rb:113:in `call'
  railties (4.2.5) lib/rails/engine.rb:518:in `call'
  railties (4.2.5) lib/rails/application.rb:165:in `call'
  rack (1.6.4) lib/rack/lock.rb:17:in `call'
  rack (1.6.4) lib/rack/content_length.rb:15:in `call'
  rack (1.6.4) lib/rack/handler/webrick.rb:88:in `service'
  /usr/local/Cellar/ruby/2.2.3/lib/ruby/2.2.0/webrick/httpserver.rb:138:in `service'
  /usr/local/Cellar/ruby/2.2.3/lib/ruby/2.2.0/webrick/httpserver.rb:94:in `run'
  /usr/local/Cellar/ruby/2.2.3/lib/ruby/2.2.0/webrick/server.rb:294:in `block in start_thread'


  Rendered /usr/local/lib/ruby/gems/2.2.0/gems/actionpack-4.2.5/lib/action_dispatch/middleware/templates/rescues/_trace.html.erb (3.1ms)
  Rendered /usr/local/lib/ruby/gems/2.2.0/gems/actionpack-4.2.5/lib/action_dispatch/middleware/templates/routes/_route.html.erb (1.6ms)
  Rendered /usr/local/lib/ruby/gems/2.2.0/gems/actionpack-4.2.5/lib/action_dispatch/middleware/templates/routes/_table.html.erb (1.9ms)
  Rendered /usr/local/lib/ruby/gems/2.2.0/gems/actionpack-4.2.5/lib/action_dispatch/middleware/templates/rescues/_request_and_response.html.erb (1.6ms)
  Rendered /usr/local/lib/ruby/gems/2.2.0/gems/actionpack-4.2.5/lib/action_dispatch/middleware/templates/rescues/routing_error.html.erb within rescues/layout (102.6ms)
  Rendered /usr/local/lib/ruby/gems/2.2.0/gems/web-console-2.3.0/lib/web_console/templates/_markup.html.erb (0.5ms)
  Rendered /usr/local/lib/ruby/gems/2.2.0/gems/web-console-2.3.0/lib/web_console/templates/_inner_console_markup.html.erb within layouts/inlined_string (0.4ms)
  Rendered /usr/local/lib/ruby/gems/2.2.0/gems/web-console-2.3.0/lib/web_console/templates/_prompt_box_markup.html.erb within layouts/inlined_string (0.5ms)
  Rendered /usr/local/lib/ruby/gems/2.2.0/gems/web-console-2.3.0/lib/web_console/templates/style.css.erb within layouts/inlined_string (0.6ms)
  Rendered /usr/local/lib/ruby/gems/2.2.0/gems/web-console-2.3.0/lib/web_console/templates/console.js.erb within layouts/javascript (63.7ms)
  Rendered /usr/local/lib/ruby/gems/2.2.0/gems/web-console-2.3.0/lib/web_console/templates/main.js.erb within layouts/javascript (0.4ms)
  Rendered /usr/local/lib/ruby/gems/2.2.0/gems/web-console-2.3.0/lib/web_console/templates/error_page.js.erb within layouts/javascript (0.5ms)
  Rendered /usr/local/lib/ruby/gems/2.2.0/gems/web-console-2.3.0/lib/web_console/templates/index.html.erb (143.3ms)


Started GET "/" for ::1 at 2016-02-21 13:19:27 -0500
Processing by StoreController#index as HTML
  Rendered store/index.html.erb within layouts/application (49.5ms)
Completed 500 Internal Server Error in 77ms (ActiveRecord: 0.0ms)

ActionView::Template::Error (undefined method `latest' for #<Class:0x007fd1b0426c18>):
     6: <h1>Your Pragmatic Catalog</h1>
     7: 
     8: <!-- START_HIGHLIGHT -->
     9: <% cache ['store', Product.latest] do %>
    10: <!-- END_HIGHLIGHT -->
    11:   <% @products.each do |product| %>
    12: <!-- START_HIGHLIGHT -->
  app/views/store/index.html.erb:9:in `_app_views_store_index_html_erb___4158086341588971931_70269248863700'


  Rendered /usr/local/lib/ruby/gems/2.2.0/gems/actionpack-4.2.5/lib/action_dispatch/middleware/templates/rescues/_source.erb (17.6ms)
  Rendered /usr/local/lib/ruby/gems/2.2.0/gems/actionpack-4.2.5/lib/action_dispatch/middleware/templates/rescues/_trace.html.erb (4.9ms)
  Rendered /usr/local/lib/ruby/gems/2.2.0/gems/actionpack-4.2.5/lib/action_dispatch/middleware/templates/rescues/_request_and_response.html.erb (2.0ms)
  Rendered /usr/local/lib/ruby/gems/2.2.0/gems/actionpack-4.2.5/lib/action_dispatch/middleware/templates/rescues/template_error.html.erb within rescues/layout (86.7ms)
  Rendered /usr/local/lib/ruby/gems/2.2.0/gems/web-console-2.3.0/lib/web_console/templates/_markup.html.erb (0.5ms)
  Rendered /usr/local/lib/ruby/gems/2.2.0/gems/web-console-2.3.0/lib/web_console/templates/_inner_console_markup.html.erb within layouts/inlined_string (0.3ms)
  Rendered /usr/local/lib/ruby/gems/2.2.0/gems/web-console-2.3.0/lib/web_console/templates/_prompt_box_markup.html.erb within layouts/inlined_string (0.4ms)
  Rendered /usr/local/lib/ruby/gems/2.2.0/gems/web-console-2.3.0/lib/web_console/templates/style.css.erb within layouts/inlined_string (0.8ms)
  Rendered /usr/local/lib/ruby/gems/2.2.0/gems/web-console-2.3.0/lib/web_console/templates/console.js.erb within layouts/javascript (50.5ms)
  Rendered /usr/local/lib/ruby/gems/2.2.0/gems/web-console-2.3.0/lib/web_console/templates/main.js.erb within layouts/javascript (0.6ms)
  Rendered /usr/local/lib/ruby/gems/2.2.0/gems/web-console-2.3.0/lib/web_console/templates/error_page.js.erb within layouts/javascript (0.7ms)
  Rendered /usr/local/lib/ruby/gems/2.2.0/gems/web-console-2.3.0/lib/web_console/templates/index.html.erb (124.3ms)


Started GET "/" for ::1 at 2016-02-21 13:21:00 -0500
Processing by StoreController#index as HTML
  [1m[35mProduct Load (1.5ms)[0m  SELECT "products".* FROM "products"  ORDER BY "products"."title" ASC
  Rendered store/index.html.erb within layouts/application (148.2ms)
Completed 200 OK in 249ms (Views: 235.8ms | ActiveRecord: 1.4ms)


Started GET "/images/logo.png" for ::1 at 2016-02-21 13:21:00 -0500

ActionController::RoutingError (No route matches [GET] "/images/logo.png"):
  actionpack (4.2.5) lib/action_dispatch/middleware/debug_exceptions.rb:21:in `call'
  web-console (2.3.0) lib/web_console/middleware.rb:28:in `block in call'
  web-console (2.3.0) lib/web_console/middleware.rb:18:in `catch'
  web-console (2.3.0) lib/web_console/middleware.rb:18:in `call'
  actionpack (4.2.5) lib/action_dispatch/middleware/show_exceptions.rb:30:in `call'
  railties (4.2.5) lib/rails/rack/logger.rb:38:in `call_app'
  railties (4.2.5) lib/rails/rack/logger.rb:20:in `block in call'
  activesupport (4.2.5) lib/active_support/tagged_logging.rb:68:in `block in tagged'
  activesupport (4.2.5) lib/active_support/tagged_logging.rb:26:in `tagged'
  activesupport (4.2.5) lib/active_support/tagged_logging.rb:68:in `tagged'
  railties (4.2.5) lib/rails/rack/logger.rb:20:in `call'
  actionpack (4.2.5) lib/action_dispatch/middleware/request_id.rb:21:in `call'
  rack (1.6.4) lib/rack/methodoverride.rb:22:in `call'
  rack (1.6.4) lib/rack/runtime.rb:18:in `call'
  activesupport (4.2.5) lib/active_support/cache/strategy/local_cache_middleware.rb:28:in `call'
  rack (1.6.4) lib/rack/lock.rb:17:in `call'
  actionpack (4.2.5) lib/action_dispatch/middleware/static.rb:116:in `call'
  rack (1.6.4) lib/rack/sendfile.rb:113:in `call'
  railties (4.2.5) lib/rails/engine.rb:518:in `call'
  railties (4.2.5) lib/rails/application.rb:165:in `call'
  rack (1.6.4) lib/rack/lock.rb:17:in `call'
  rack (1.6.4) lib/rack/content_length.rb:15:in `call'
  rack (1.6.4) lib/rack/handler/webrick.rb:88:in `service'
  /usr/local/Cellar/ruby/2.2.3/lib/ruby/2.2.0/webrick/httpserver.rb:138:in `service'
  /usr/local/Cellar/ruby/2.2.3/lib/ruby/2.2.0/webrick/httpserver.rb:94:in `run'
  /usr/local/Cellar/ruby/2.2.3/lib/ruby/2.2.0/webrick/server.rb:294:in `block in start_thread'


  Rendered /usr/local/lib/ruby/gems/2.2.0/gems/actionpack-4.2.5/lib/action_dispatch/middleware/templates/rescues/_trace.html.erb (8.0ms)
  Rendered /usr/local/lib/ruby/gems/2.2.0/gems/actionpack-4.2.5/lib/action_dispatch/middleware/templates/routes/_route.html.erb (2.3ms)
  Rendered /usr/local/lib/ruby/gems/2.2.0/gems/actionpack-4.2.5/lib/action_dispatch/middleware/templates/routes/_table.html.erb (3.2ms)
  Rendered /usr/local/lib/ruby/gems/2.2.0/gems/actionpack-4.2.5/lib/action_dispatch/middleware/templates/rescues/_request_and_response.html.erb (2.6ms)
  Rendered /usr/local/lib/ruby/gems/2.2.0/gems/actionpack-4.2.5/lib/action_dispatch/middleware/templates/rescues/routing_error.html.erb within rescues/layout (122.6ms)
  Rendered /usr/local/lib/ruby/gems/2.2.0/gems/web-console-2.3.0/lib/web_console/templates/_markup.html.erb (1.8ms)
  Rendered /usr/local/lib/ruby/gems/2.2.0/gems/web-console-2.3.0/lib/web_console/templates/_inner_console_markup.html.erb within layouts/inlined_string (0.4ms)
  Rendered /usr/local/lib/ruby/gems/2.2.0/gems/web-console-2.3.0/lib/web_console/templates/_prompt_box_markup.html.erb within layouts/inlined_string (0.6ms)
  Rendered /usr/local/lib/ruby/gems/2.2.0/gems/web-console-2.3.0/lib/web_console/templates/style.css.erb within layouts/inlined_string (0.5ms)
  Rendered /usr/local/lib/ruby/gems/2.2.0/gems/web-console-2.3.0/lib/web_console/templates/console.js.erb within layouts/javascript (75.2ms)
  Rendered /usr/local/lib/ruby/gems/2.2.0/gems/web-console-2.3.0/lib/web_console/templates/main.js.erb within layouts/javascript (0.6ms)
  Rendered /usr/local/lib/ruby/gems/2.2.0/gems/web-console-2.3.0/lib/web_console/templates/error_page.js.erb within layouts/javascript (0.7ms)
  Rendered /usr/local/lib/ruby/gems/2.2.0/gems/web-console-2.3.0/lib/web_console/templates/index.html.erb (174.1ms)


Started GET "/" for ::1 at 2016-02-21 18:17:39 -0500
  [1m[36mActiveRecord::SchemaMigration Load (0.5ms)[0m  [1mSELECT "schema_migrations".* FROM "schema_migrations"[0m
Processing by StoreController#index as HTML
  Rendered store/index.html.erb within layouts/application (9.7ms)
Completed 500 Internal Server Error in 40ms (ActiveRecord: 0.3ms)

ActionView::Template::Error (undefined method `latest' for #<Class:0x007fad8653fbe8>):
     6: <h1>Your Pragmatic Catalog</h1>
     7: 
     8: <!-- START_HIGHLIGHT -->
     9: <% cache ['store', Product.latest] do %>
    10: <!-- END_HIGHLIGHT -->
    11:   <% @products.each do |product| %>
    12: <!-- START_HIGHLIGHT -->
  app/views/store/index.html.erb:9:in `_app_views_store_index_html_erb__2277731890295490135_70191630149780'


  Rendered /usr/local/lib/ruby/gems/2.2.0/gems/actionpack-4.2.5/lib/action_dispatch/middleware/templates/rescues/_source.erb (12.3ms)
  Rendered /usr/local/lib/ruby/gems/2.2.0/gems/actionpack-4.2.5/lib/action_dispatch/middleware/templates/rescues/_trace.html.erb (2.6ms)
  Rendered /usr/local/lib/ruby/gems/2.2.0/gems/actionpack-4.2.5/lib/action_dispatch/middleware/templates/rescues/_request_and_response.html.erb (1.1ms)
  Rendered /usr/local/lib/ruby/gems/2.2.0/gems/actionpack-4.2.5/lib/action_dispatch/middleware/templates/rescues/template_error.html.erb within rescues/layout (83.3ms)
  Rendered /usr/local/lib/ruby/gems/2.2.0/gems/web-console-2.3.0/lib/web_console/templates/_markup.html.erb (0.4ms)
  Rendered /usr/local/lib/ruby/gems/2.2.0/gems/web-console-2.3.0/lib/web_console/templates/_inner_console_markup.html.erb within layouts/inlined_string (0.4ms)
  Rendered /usr/local/lib/ruby/gems/2.2.0/gems/web-console-2.3.0/lib/web_console/templates/_prompt_box_markup.html.erb within layouts/inlined_string (0.6ms)
  Rendered /usr/local/lib/ruby/gems/2.2.0/gems/web-console-2.3.0/lib/web_console/templates/style.css.erb within layouts/inlined_string (0.7ms)
  Rendered /usr/local/lib/ruby/gems/2.2.0/gems/web-console-2.3.0/lib/web_console/templates/console.js.erb within layouts/javascript (71.0ms)
  Rendered /usr/local/lib/ruby/gems/2.2.0/gems/web-console-2.3.0/lib/web_console/templates/main.js.erb within layouts/javascript (0.5ms)
  Rendered /usr/local/lib/ruby/gems/2.2.0/gems/web-console-2.3.0/lib/web_console/templates/error_page.js.erb within layouts/javascript (0.5ms)
  Rendered /usr/local/lib/ruby/gems/2.2.0/gems/web-console-2.3.0/lib/web_console/templates/index.html.erb (156.9ms)


Started GET "/" for ::1 at 2016-02-21 18:19:41 -0500
Processing by StoreController#index as HTML
  [1m[35mProduct Load (0.8ms)[0m  SELECT "products".* FROM "products"  ORDER BY "products"."title" ASC
  Rendered store/index.html.erb within layouts/application (413.0ms)
Completed 200 OK in 556ms (Views: 549.7ms | ActiveRecord: 1.2ms)


Started GET "/images/logo.png" for ::1 at 2016-02-21 18:19:42 -0500

ActionController::RoutingError (No route matches [GET] "/images/logo.png"):
  actionpack (4.2.5) lib/action_dispatch/middleware/debug_exceptions.rb:21:in `call'
  web-console (2.3.0) lib/web_console/middleware.rb:28:in `block in call'
  web-console (2.3.0) lib/web_console/middleware.rb:18:in `catch'
  web-console (2.3.0) lib/web_console/middleware.rb:18:in `call'
  actionpack (4.2.5) lib/action_dispatch/middleware/show_exceptions.rb:30:in `call'
  railties (4.2.5) lib/rails/rack/logger.rb:38:in `call_app'
  railties (4.2.5) lib/rails/rack/logger.rb:20:in `block in call'
  activesupport (4.2.5) lib/active_support/tagged_logging.rb:68:in `block in tagged'
  activesupport (4.2.5) lib/active_support/tagged_logging.rb:26:in `tagged'
  activesupport (4.2.5) lib/active_support/tagged_logging.rb:68:in `tagged'
  railties (4.2.5) lib/rails/rack/logger.rb:20:in `call'
  actionpack (4.2.5) lib/action_dispatch/middleware/request_id.rb:21:in `call'
  rack (1.6.4) lib/rack/methodoverride.rb:22:in `call'
  rack (1.6.4) lib/rack/runtime.rb:18:in `call'
  activesupport (4.2.5) lib/active_support/cache/strategy/local_cache_middleware.rb:28:in `call'
  rack (1.6.4) lib/rack/lock.rb:17:in `call'
  actionpack (4.2.5) lib/action_dispatch/middleware/static.rb:116:in `call'
  rack (1.6.4) lib/rack/sendfile.rb:113:in `call'
  railties (4.2.5) lib/rails/engine.rb:518:in `call'
  railties (4.2.5) lib/rails/application.rb:165:in `call'
  rack (1.6.4) lib/rack/lock.rb:17:in `call'
  rack (1.6.4) lib/rack/content_length.rb:15:in `call'
  rack (1.6.4) lib/rack/handler/webrick.rb:88:in `service'
  /usr/local/Cellar/ruby/2.2.3/lib/ruby/2.2.0/webrick/httpserver.rb:138:in `service'
  /usr/local/Cellar/ruby/2.2.3/lib/ruby/2.2.0/webrick/httpserver.rb:94:in `run'
  /usr/local/Cellar/ruby/2.2.3/lib/ruby/2.2.0/webrick/server.rb:294:in `block in start_thread'


  Rendered /usr/local/lib/ruby/gems/2.2.0/gems/actionpack-4.2.5/lib/action_dispatch/middleware/templates/rescues/_trace.html.erb (2.9ms)
  Rendered /usr/local/lib/ruby/gems/2.2.0/gems/actionpack-4.2.5/lib/action_dispatch/middleware/templates/routes/_route.html.erb (2.7ms)
  Rendered /usr/local/lib/ruby/gems/2.2.0/gems/actionpack-4.2.5/lib/action_dispatch/middleware/templates/routes/_table.html.erb (10.9ms)
  Rendered /usr/local/lib/ruby/gems/2.2.0/gems/actionpack-4.2.5/lib/action_dispatch/middleware/templates/rescues/_request_and_response.html.erb (1.6ms)
  Rendered /usr/local/lib/ruby/gems/2.2.0/gems/actionpack-4.2.5/lib/action_dispatch/middleware/templates/rescues/routing_error.html.erb within rescues/layout (198.8ms)
  Rendered /usr/local/lib/ruby/gems/2.2.0/gems/web-console-2.3.0/lib/web_console/templates/_markup.html.erb (0.5ms)
  Rendered /usr/local/lib/ruby/gems/2.2.0/gems/web-console-2.3.0/lib/web_console/templates/_inner_console_markup.html.erb within layouts/inlined_string (0.4ms)
  Rendered /usr/local/lib/ruby/gems/2.2.0/gems/web-console-2.3.0/lib/web_console/templates/_prompt_box_markup.html.erb within layouts/inlined_string (0.7ms)
  Rendered /usr/local/lib/ruby/gems/2.2.0/gems/web-console-2.3.0/lib/web_console/templates/style.css.erb within layouts/inlined_string (0.6ms)
  Rendered /usr/local/lib/ruby/gems/2.2.0/gems/web-console-2.3.0/lib/web_console/templates/console.js.erb within layouts/javascript (69.1ms)
  Rendered /usr/local/lib/ruby/gems/2.2.0/gems/web-console-2.3.0/lib/web_console/templates/main.js.erb within layouts/javascript (1.0ms)
  Rendered /usr/local/lib/ruby/gems/2.2.0/gems/web-console-2.3.0/lib/web_console/templates/error_page.js.erb within layouts/javascript (0.5ms)
  Rendered /usr/local/lib/ruby/gems/2.2.0/gems/web-console-2.3.0/lib/web_console/templates/index.html.erb (176.9ms)
